{"cells":[{"cell_type":"code","execution_count":7,"metadata":{"id":"8C5dDv_Lu97J","executionInfo":{"status":"ok","timestamp":1700839878199,"user_tz":0,"elapsed":5,"user":{"displayName":"Max C","userId":"15129973457982956339"}}},"outputs":[],"source":["import numpy as np\n","import pandas as pd\n","import matplotlib.pyplot as plt\n","import seaborn as sns\n","from glob import glob\n","import os\n","from PIL import Image\n","import itertools\n","\n","\n","import keras,os\n","from keras.models import Sequential\n","from keras.layers import Dense, Conv2D, MaxPool2D , Flatten\n","from keras.preprocessing.image import ImageDataGenerator\n","\n","\n","# example of tending the vgg16 model\n","from keras.applications.vgg16 import VGG16\n","from keras.models import Model\n","from sklearn.model_selection import train_test_split\n","from tensorflow.keras.utils import to_categorical"]},{"cell_type":"markdown","metadata":{"id":"iF-aaIa9j5af"},"source":["## EDA and Data Preprocessing\n","\n","Before we can begin training/testing the model, EDA is required to assess what preprocessing will be needed."]},{"cell_type":"code","execution_count":8,"metadata":{"colab":{"base_uri":"https://localhost:8080/","height":206},"executionInfo":{"elapsed":5,"status":"ok","timestamp":1700839878200,"user":{"displayName":"Max C","userId":"15129973457982956339"},"user_tz":0},"id":"8D_WOs06M6V-","outputId":"b20b1775-601a-4932-8b10-54b7a358f275"},"outputs":[{"output_type":"execute_result","data":{"text/plain":["     lesion_id      image_id   dx dx_type   age   sex localization\n","0  HAM_0000118  ISIC_0027419  bkl   histo  80.0  male        scalp\n","1  HAM_0000118  ISIC_0025030  bkl   histo  80.0  male        scalp\n","2  HAM_0002730  ISIC_0026769  bkl   histo  80.0  male        scalp\n","3  HAM_0002730  ISIC_0025661  bkl   histo  80.0  male        scalp\n","4  HAM_0001466  ISIC_0031633  bkl   histo  75.0  male          ear"],"text/html":["\n","  <div id=\"df-b691398e-6ba8-46e2-af36-1e96ec290221\" class=\"colab-df-container\">\n","    <div>\n","<style scoped>\n","    .dataframe tbody tr th:only-of-type {\n","        vertical-align: middle;\n","    }\n","\n","    .dataframe tbody tr th {\n","        vertical-align: top;\n","    }\n","\n","    .dataframe thead th {\n","        text-align: right;\n","    }\n","</style>\n","<table border=\"1\" class=\"dataframe\">\n","  <thead>\n","    <tr style=\"text-align: right;\">\n","      <th></th>\n","      <th>lesion_id</th>\n","      <th>image_id</th>\n","      <th>dx</th>\n","      <th>dx_type</th>\n","      <th>age</th>\n","      <th>sex</th>\n","      <th>localization</th>\n","    </tr>\n","  </thead>\n","  <tbody>\n","    <tr>\n","      <th>0</th>\n","      <td>HAM_0000118</td>\n","      <td>ISIC_0027419</td>\n","      <td>bkl</td>\n","      <td>histo</td>\n","      <td>80.0</td>\n","      <td>male</td>\n","      <td>scalp</td>\n","    </tr>\n","    <tr>\n","      <th>1</th>\n","      <td>HAM_0000118</td>\n","      <td>ISIC_0025030</td>\n","      <td>bkl</td>\n","      <td>histo</td>\n","      <td>80.0</td>\n","      <td>male</td>\n","      <td>scalp</td>\n","    </tr>\n","    <tr>\n","      <th>2</th>\n","      <td>HAM_0002730</td>\n","      <td>ISIC_0026769</td>\n","      <td>bkl</td>\n","      <td>histo</td>\n","      <td>80.0</td>\n","      <td>male</td>\n","      <td>scalp</td>\n","    </tr>\n","    <tr>\n","      <th>3</th>\n","      <td>HAM_0002730</td>\n","      <td>ISIC_0025661</td>\n","      <td>bkl</td>\n","      <td>histo</td>\n","      <td>80.0</td>\n","      <td>male</td>\n","      <td>scalp</td>\n","    </tr>\n","    <tr>\n","      <th>4</th>\n","      <td>HAM_0001466</td>\n","      <td>ISIC_0031633</td>\n","      <td>bkl</td>\n","      <td>histo</td>\n","      <td>75.0</td>\n","      <td>male</td>\n","      <td>ear</td>\n","    </tr>\n","  </tbody>\n","</table>\n","</div>\n","    <div class=\"colab-df-buttons\">\n","\n","  <div class=\"colab-df-container\">\n","    <button class=\"colab-df-convert\" onclick=\"convertToInteractive('df-b691398e-6ba8-46e2-af36-1e96ec290221')\"\n","            title=\"Convert this dataframe to an interactive table.\"\n","            style=\"display:none;\">\n","\n","  <svg xmlns=\"http://www.w3.org/2000/svg\" height=\"24px\" viewBox=\"0 -960 960 960\">\n","    <path d=\"M120-120v-720h720v720H120Zm60-500h600v-160H180v160Zm220 220h160v-160H400v160Zm0 220h160v-160H400v160ZM180-400h160v-160H180v160Zm440 0h160v-160H620v160ZM180-180h160v-160H180v160Zm440 0h160v-160H620v160Z\"/>\n","  </svg>\n","    </button>\n","\n","  <style>\n","    .colab-df-container {\n","      display:flex;\n","      gap: 12px;\n","    }\n","\n","    .colab-df-convert {\n","      background-color: #E8F0FE;\n","      border: none;\n","      border-radius: 50%;\n","      cursor: pointer;\n","      display: none;\n","      fill: #1967D2;\n","      height: 32px;\n","      padding: 0 0 0 0;\n","      width: 32px;\n","    }\n","\n","    .colab-df-convert:hover {\n","      background-color: #E2EBFA;\n","      box-shadow: 0px 1px 2px rgba(60, 64, 67, 0.3), 0px 1px 3px 1px rgba(60, 64, 67, 0.15);\n","      fill: #174EA6;\n","    }\n","\n","    .colab-df-buttons div {\n","      margin-bottom: 4px;\n","    }\n","\n","    [theme=dark] .colab-df-convert {\n","      background-color: #3B4455;\n","      fill: #D2E3FC;\n","    }\n","\n","    [theme=dark] .colab-df-convert:hover {\n","      background-color: #434B5C;\n","      box-shadow: 0px 1px 3px 1px rgba(0, 0, 0, 0.15);\n","      filter: drop-shadow(0px 1px 2px rgba(0, 0, 0, 0.3));\n","      fill: #FFFFFF;\n","    }\n","  </style>\n","\n","    <script>\n","      const buttonEl =\n","        document.querySelector('#df-b691398e-6ba8-46e2-af36-1e96ec290221 button.colab-df-convert');\n","      buttonEl.style.display =\n","        google.colab.kernel.accessAllowed ? 'block' : 'none';\n","\n","      async function convertToInteractive(key) {\n","        const element = document.querySelector('#df-b691398e-6ba8-46e2-af36-1e96ec290221');\n","        const dataTable =\n","          await google.colab.kernel.invokeFunction('convertToInteractive',\n","                                                    [key], {});\n","        if (!dataTable) return;\n","\n","        const docLinkHtml = 'Like what you see? Visit the ' +\n","          '<a target=\"_blank\" href=https://colab.research.google.com/notebooks/data_table.ipynb>data table notebook</a>'\n","          + ' to learn more about interactive tables.';\n","        element.innerHTML = '';\n","        dataTable['output_type'] = 'display_data';\n","        await google.colab.output.renderOutput(dataTable, element);\n","        const docLink = document.createElement('div');\n","        docLink.innerHTML = docLinkHtml;\n","        element.appendChild(docLink);\n","      }\n","    </script>\n","  </div>\n","\n","\n","<div id=\"df-a89e3045-c788-48a8-8afd-072f6d828a1d\">\n","  <button class=\"colab-df-quickchart\" onclick=\"quickchart('df-a89e3045-c788-48a8-8afd-072f6d828a1d')\"\n","            title=\"Suggest charts\"\n","            style=\"display:none;\">\n","\n","<svg xmlns=\"http://www.w3.org/2000/svg\" height=\"24px\"viewBox=\"0 0 24 24\"\n","     width=\"24px\">\n","    <g>\n","        <path d=\"M19 3H5c-1.1 0-2 .9-2 2v14c0 1.1.9 2 2 2h14c1.1 0 2-.9 2-2V5c0-1.1-.9-2-2-2zM9 17H7v-7h2v7zm4 0h-2V7h2v10zm4 0h-2v-4h2v4z\"/>\n","    </g>\n","</svg>\n","  </button>\n","\n","<style>\n","  .colab-df-quickchart {\n","      --bg-color: #E8F0FE;\n","      --fill-color: #1967D2;\n","      --hover-bg-color: #E2EBFA;\n","      --hover-fill-color: #174EA6;\n","      --disabled-fill-color: #AAA;\n","      --disabled-bg-color: #DDD;\n","  }\n","\n","  [theme=dark] .colab-df-quickchart {\n","      --bg-color: #3B4455;\n","      --fill-color: #D2E3FC;\n","      --hover-bg-color: #434B5C;\n","      --hover-fill-color: #FFFFFF;\n","      --disabled-bg-color: #3B4455;\n","      --disabled-fill-color: #666;\n","  }\n","\n","  .colab-df-quickchart {\n","    background-color: var(--bg-color);\n","    border: none;\n","    border-radius: 50%;\n","    cursor: pointer;\n","    display: none;\n","    fill: var(--fill-color);\n","    height: 32px;\n","    padding: 0;\n","    width: 32px;\n","  }\n","\n","  .colab-df-quickchart:hover {\n","    background-color: var(--hover-bg-color);\n","    box-shadow: 0 1px 2px rgba(60, 64, 67, 0.3), 0 1px 3px 1px rgba(60, 64, 67, 0.15);\n","    fill: var(--button-hover-fill-color);\n","  }\n","\n","  .colab-df-quickchart-complete:disabled,\n","  .colab-df-quickchart-complete:disabled:hover {\n","    background-color: var(--disabled-bg-color);\n","    fill: var(--disabled-fill-color);\n","    box-shadow: none;\n","  }\n","\n","  .colab-df-spinner {\n","    border: 2px solid var(--fill-color);\n","    border-color: transparent;\n","    border-bottom-color: var(--fill-color);\n","    animation:\n","      spin 1s steps(1) infinite;\n","  }\n","\n","  @keyframes spin {\n","    0% {\n","      border-color: transparent;\n","      border-bottom-color: var(--fill-color);\n","      border-left-color: var(--fill-color);\n","    }\n","    20% {\n","      border-color: transparent;\n","      border-left-color: var(--fill-color);\n","      border-top-color: var(--fill-color);\n","    }\n","    30% {\n","      border-color: transparent;\n","      border-left-color: var(--fill-color);\n","      border-top-color: var(--fill-color);\n","      border-right-color: var(--fill-color);\n","    }\n","    40% {\n","      border-color: transparent;\n","      border-right-color: var(--fill-color);\n","      border-top-color: var(--fill-color);\n","    }\n","    60% {\n","      border-color: transparent;\n","      border-right-color: var(--fill-color);\n","    }\n","    80% {\n","      border-color: transparent;\n","      border-right-color: var(--fill-color);\n","      border-bottom-color: var(--fill-color);\n","    }\n","    90% {\n","      border-color: transparent;\n","      border-bottom-color: var(--fill-color);\n","    }\n","  }\n","</style>\n","\n","  <script>\n","    async function quickchart(key) {\n","      const quickchartButtonEl =\n","        document.querySelector('#' + key + ' button');\n","      quickchartButtonEl.disabled = true;  // To prevent multiple clicks.\n","      quickchartButtonEl.classList.add('colab-df-spinner');\n","      try {\n","        const charts = await google.colab.kernel.invokeFunction(\n","            'suggestCharts', [key], {});\n","      } catch (error) {\n","        console.error('Error during call to suggestCharts:', error);\n","      }\n","      quickchartButtonEl.classList.remove('colab-df-spinner');\n","      quickchartButtonEl.classList.add('colab-df-quickchart-complete');\n","    }\n","    (() => {\n","      let quickchartButtonEl =\n","        document.querySelector('#df-a89e3045-c788-48a8-8afd-072f6d828a1d button');\n","      quickchartButtonEl.style.display =\n","        google.colab.kernel.accessAllowed ? 'block' : 'none';\n","    })();\n","  </script>\n","</div>\n","    </div>\n","  </div>\n"]},"metadata":{},"execution_count":8}],"source":["meta_data = pd.read_csv(\"/content/drive/My Drive/CancerImages/HAM10000_metadata.csv\")\n","meta_data.head()"]},{"cell_type":"code","execution_count":9,"metadata":{"colab":{"base_uri":"https://localhost:8080/"},"executionInfo":{"elapsed":4,"status":"ok","timestamp":1700839884613,"user":{"displayName":"Max C","userId":"15129973457982956339"},"user_tz":0},"id":"zxKc2c3kmKd3","outputId":"6a44a46a-230d-4222-d594-292fce18b803"},"outputs":[{"output_type":"execute_result","data":{"text/plain":["array(['scalp', 'ear', 'face', 'back', 'trunk', 'chest',\n","       'upper extremity', 'abdomen', 'unknown', 'lower extremity',\n","       'genital', 'neck', 'hand', 'foot', 'acral'], dtype=object)"]},"metadata":{},"execution_count":9}],"source":["meta_data['localization'].unique()"]},{"cell_type":"code","execution_count":15,"metadata":{"id":"HoV4AlHpkwJf","executionInfo":{"status":"ok","timestamp":1700839987075,"user_tz":0,"elapsed":427,"user":{"displayName":"Max C","userId":"15129973457982956339"}}},"outputs":[],"source":["lesion_type_dict = {\n","    'nv': 'Melanocytic nevi',\n","    'mel': 'Melanoma',\n","    'bkl': 'Benign keratosis-like lesions ',\n","    'bcc': 'Basal cell carcinoma',\n","    'akiec': 'Actinic keratoses',\n","    'vasc': 'Vascular lesions',\n","    'df': 'Dermatofibroma'\n","}\n","\n","is_cancerous = {\n","    'nv': 0,\n","    'mel': 1,\n","    'bkl': 0,\n","    'bcc': 1,\n","    'akiec': 0,\n","    'vasc': 0,\n","    'df': 0\n","}\n","\n","base_skin_dir = '/content/drive/My Drive/CancerImages'\n","\n","\n","imageid_path_dict = {os.path.splitext(os.path.basename(x))[0]: x\n","                     for x in glob(os.path.join(base_skin_dir, '*', '*.jpg'))}"]},{"cell_type":"code","execution_count":16,"metadata":{"id":"2QSXsUXekcRW","executionInfo":{"status":"ok","timestamp":1700839988793,"user_tz":0,"elapsed":4,"user":{"displayName":"Max C","userId":"15129973457982956339"}}},"outputs":[],"source":["# Add path to image to meta_data\n","meta_data['path'] = meta_data['image_id'].map(imageid_path_dict.get)\n","meta_data['is_cancerous'] = meta_data['dx'].map(is_cancerous.get)\n","# Add lesion type to image to meta_data\n","meta_data['cell_type'] = meta_data['dx'].map(lesion_type_dict.get)\n","# Convert this to categorical\n","meta_data['cell_type_idx'] = pd.Categorical(meta_data['cell_type']).codes"]},{"cell_type":"code","source":["meta_data"],"metadata":{"colab":{"base_uri":"https://localhost:8080/","height":424},"id":"jcTUPXa79qsy","executionInfo":{"status":"ok","timestamp":1700839997895,"user_tz":0,"elapsed":248,"user":{"displayName":"Max C","userId":"15129973457982956339"}},"outputId":"11eb0890-58e5-4d4a-a2bb-ca78fbbbe343"},"execution_count":17,"outputs":[{"output_type":"execute_result","data":{"text/plain":["         lesion_id      image_id     dx dx_type   age     sex localization  \\\n","0      HAM_0000118  ISIC_0027419    bkl   histo  80.0    male        scalp   \n","1      HAM_0000118  ISIC_0025030    bkl   histo  80.0    male        scalp   \n","2      HAM_0002730  ISIC_0026769    bkl   histo  80.0    male        scalp   \n","3      HAM_0002730  ISIC_0025661    bkl   histo  80.0    male        scalp   \n","4      HAM_0001466  ISIC_0031633    bkl   histo  75.0    male          ear   \n","...            ...           ...    ...     ...   ...     ...          ...   \n","10010  HAM_0002867  ISIC_0033084  akiec   histo  40.0    male      abdomen   \n","10011  HAM_0002867  ISIC_0033550  akiec   histo  40.0    male      abdomen   \n","10012  HAM_0002867  ISIC_0033536  akiec   histo  40.0    male      abdomen   \n","10013  HAM_0000239  ISIC_0032854  akiec   histo  80.0    male         face   \n","10014  HAM_0003521  ISIC_0032258    mel   histo  70.0  female         back   \n","\n","                                                    path  is_cancerous  \\\n","0      /content/drive/My Drive/CancerImages/HAM10000_...             0   \n","1      /content/drive/My Drive/CancerImages/HAM10000_...             0   \n","2      /content/drive/My Drive/CancerImages/HAM10000_...             0   \n","3      /content/drive/My Drive/CancerImages/HAM10000_...             0   \n","4      /content/drive/My Drive/CancerImages/HAM10000_...             0   \n","...                                                  ...           ...   \n","10010  /content/drive/My Drive/CancerImages/HAM10000_...             0   \n","10011  /content/drive/My Drive/CancerImages/HAM10000_...             0   \n","10012  /content/drive/My Drive/CancerImages/HAM10000_...             0   \n","10013  /content/drive/My Drive/CancerImages/HAM10000_...             0   \n","10014  /content/drive/My Drive/CancerImages/HAM10000_...             1   \n","\n","                            cell_type  cell_type_idx  \n","0      Benign keratosis-like lesions               2  \n","1      Benign keratosis-like lesions               2  \n","2      Benign keratosis-like lesions               2  \n","3      Benign keratosis-like lesions               2  \n","4      Benign keratosis-like lesions               2  \n","...                               ...            ...  \n","10010               Actinic keratoses              0  \n","10011               Actinic keratoses              0  \n","10012               Actinic keratoses              0  \n","10013               Actinic keratoses              0  \n","10014                        Melanoma              5  \n","\n","[10015 rows x 11 columns]"],"text/html":["\n","  <div id=\"df-a9293117-b90e-4d0a-9f95-295ba1f51b19\" class=\"colab-df-container\">\n","    <div>\n","<style scoped>\n","    .dataframe tbody tr th:only-of-type {\n","        vertical-align: middle;\n","    }\n","\n","    .dataframe tbody tr th {\n","        vertical-align: top;\n","    }\n","\n","    .dataframe thead th {\n","        text-align: right;\n","    }\n","</style>\n","<table border=\"1\" class=\"dataframe\">\n","  <thead>\n","    <tr style=\"text-align: right;\">\n","      <th></th>\n","      <th>lesion_id</th>\n","      <th>image_id</th>\n","      <th>dx</th>\n","      <th>dx_type</th>\n","      <th>age</th>\n","      <th>sex</th>\n","      <th>localization</th>\n","      <th>path</th>\n","      <th>is_cancerous</th>\n","      <th>cell_type</th>\n","      <th>cell_type_idx</th>\n","    </tr>\n","  </thead>\n","  <tbody>\n","    <tr>\n","      <th>0</th>\n","      <td>HAM_0000118</td>\n","      <td>ISIC_0027419</td>\n","      <td>bkl</td>\n","      <td>histo</td>\n","      <td>80.0</td>\n","      <td>male</td>\n","      <td>scalp</td>\n","      <td>/content/drive/My Drive/CancerImages/HAM10000_...</td>\n","      <td>0</td>\n","      <td>Benign keratosis-like lesions</td>\n","      <td>2</td>\n","    </tr>\n","    <tr>\n","      <th>1</th>\n","      <td>HAM_0000118</td>\n","      <td>ISIC_0025030</td>\n","      <td>bkl</td>\n","      <td>histo</td>\n","      <td>80.0</td>\n","      <td>male</td>\n","      <td>scalp</td>\n","      <td>/content/drive/My Drive/CancerImages/HAM10000_...</td>\n","      <td>0</td>\n","      <td>Benign keratosis-like lesions</td>\n","      <td>2</td>\n","    </tr>\n","    <tr>\n","      <th>2</th>\n","      <td>HAM_0002730</td>\n","      <td>ISIC_0026769</td>\n","      <td>bkl</td>\n","      <td>histo</td>\n","      <td>80.0</td>\n","      <td>male</td>\n","      <td>scalp</td>\n","      <td>/content/drive/My Drive/CancerImages/HAM10000_...</td>\n","      <td>0</td>\n","      <td>Benign keratosis-like lesions</td>\n","      <td>2</td>\n","    </tr>\n","    <tr>\n","      <th>3</th>\n","      <td>HAM_0002730</td>\n","      <td>ISIC_0025661</td>\n","      <td>bkl</td>\n","      <td>histo</td>\n","      <td>80.0</td>\n","      <td>male</td>\n","      <td>scalp</td>\n","      <td>/content/drive/My Drive/CancerImages/HAM10000_...</td>\n","      <td>0</td>\n","      <td>Benign keratosis-like lesions</td>\n","      <td>2</td>\n","    </tr>\n","    <tr>\n","      <th>4</th>\n","      <td>HAM_0001466</td>\n","      <td>ISIC_0031633</td>\n","      <td>bkl</td>\n","      <td>histo</td>\n","      <td>75.0</td>\n","      <td>male</td>\n","      <td>ear</td>\n","      <td>/content/drive/My Drive/CancerImages/HAM10000_...</td>\n","      <td>0</td>\n","      <td>Benign keratosis-like lesions</td>\n","      <td>2</td>\n","    </tr>\n","    <tr>\n","      <th>...</th>\n","      <td>...</td>\n","      <td>...</td>\n","      <td>...</td>\n","      <td>...</td>\n","      <td>...</td>\n","      <td>...</td>\n","      <td>...</td>\n","      <td>...</td>\n","      <td>...</td>\n","      <td>...</td>\n","      <td>...</td>\n","    </tr>\n","    <tr>\n","      <th>10010</th>\n","      <td>HAM_0002867</td>\n","      <td>ISIC_0033084</td>\n","      <td>akiec</td>\n","      <td>histo</td>\n","      <td>40.0</td>\n","      <td>male</td>\n","      <td>abdomen</td>\n","      <td>/content/drive/My Drive/CancerImages/HAM10000_...</td>\n","      <td>0</td>\n","      <td>Actinic keratoses</td>\n","      <td>0</td>\n","    </tr>\n","    <tr>\n","      <th>10011</th>\n","      <td>HAM_0002867</td>\n","      <td>ISIC_0033550</td>\n","      <td>akiec</td>\n","      <td>histo</td>\n","      <td>40.0</td>\n","      <td>male</td>\n","      <td>abdomen</td>\n","      <td>/content/drive/My Drive/CancerImages/HAM10000_...</td>\n","      <td>0</td>\n","      <td>Actinic keratoses</td>\n","      <td>0</td>\n","    </tr>\n","    <tr>\n","      <th>10012</th>\n","      <td>HAM_0002867</td>\n","      <td>ISIC_0033536</td>\n","      <td>akiec</td>\n","      <td>histo</td>\n","      <td>40.0</td>\n","      <td>male</td>\n","      <td>abdomen</td>\n","      <td>/content/drive/My Drive/CancerImages/HAM10000_...</td>\n","      <td>0</td>\n","      <td>Actinic keratoses</td>\n","      <td>0</td>\n","    </tr>\n","    <tr>\n","      <th>10013</th>\n","      <td>HAM_0000239</td>\n","      <td>ISIC_0032854</td>\n","      <td>akiec</td>\n","      <td>histo</td>\n","      <td>80.0</td>\n","      <td>male</td>\n","      <td>face</td>\n","      <td>/content/drive/My Drive/CancerImages/HAM10000_...</td>\n","      <td>0</td>\n","      <td>Actinic keratoses</td>\n","      <td>0</td>\n","    </tr>\n","    <tr>\n","      <th>10014</th>\n","      <td>HAM_0003521</td>\n","      <td>ISIC_0032258</td>\n","      <td>mel</td>\n","      <td>histo</td>\n","      <td>70.0</td>\n","      <td>female</td>\n","      <td>back</td>\n","      <td>/content/drive/My Drive/CancerImages/HAM10000_...</td>\n","      <td>1</td>\n","      <td>Melanoma</td>\n","      <td>5</td>\n","    </tr>\n","  </tbody>\n","</table>\n","<p>10015 rows × 11 columns</p>\n","</div>\n","    <div class=\"colab-df-buttons\">\n","\n","  <div class=\"colab-df-container\">\n","    <button class=\"colab-df-convert\" onclick=\"convertToInteractive('df-a9293117-b90e-4d0a-9f95-295ba1f51b19')\"\n","            title=\"Convert this dataframe to an interactive table.\"\n","            style=\"display:none;\">\n","\n","  <svg xmlns=\"http://www.w3.org/2000/svg\" height=\"24px\" viewBox=\"0 -960 960 960\">\n","    <path d=\"M120-120v-720h720v720H120Zm60-500h600v-160H180v160Zm220 220h160v-160H400v160Zm0 220h160v-160H400v160ZM180-400h160v-160H180v160Zm440 0h160v-160H620v160ZM180-180h160v-160H180v160Zm440 0h160v-160H620v160Z\"/>\n","  </svg>\n","    </button>\n","\n","  <style>\n","    .colab-df-container {\n","      display:flex;\n","      gap: 12px;\n","    }\n","\n","    .colab-df-convert {\n","      background-color: #E8F0FE;\n","      border: none;\n","      border-radius: 50%;\n","      cursor: pointer;\n","      display: none;\n","      fill: #1967D2;\n","      height: 32px;\n","      padding: 0 0 0 0;\n","      width: 32px;\n","    }\n","\n","    .colab-df-convert:hover {\n","      background-color: #E2EBFA;\n","      box-shadow: 0px 1px 2px rgba(60, 64, 67, 0.3), 0px 1px 3px 1px rgba(60, 64, 67, 0.15);\n","      fill: #174EA6;\n","    }\n","\n","    .colab-df-buttons div {\n","      margin-bottom: 4px;\n","    }\n","\n","    [theme=dark] .colab-df-convert {\n","      background-color: #3B4455;\n","      fill: #D2E3FC;\n","    }\n","\n","    [theme=dark] .colab-df-convert:hover {\n","      background-color: #434B5C;\n","      box-shadow: 0px 1px 3px 1px rgba(0, 0, 0, 0.15);\n","      filter: drop-shadow(0px 1px 2px rgba(0, 0, 0, 0.3));\n","      fill: #FFFFFF;\n","    }\n","  </style>\n","\n","    <script>\n","      const buttonEl =\n","        document.querySelector('#df-a9293117-b90e-4d0a-9f95-295ba1f51b19 button.colab-df-convert');\n","      buttonEl.style.display =\n","        google.colab.kernel.accessAllowed ? 'block' : 'none';\n","\n","      async function convertToInteractive(key) {\n","        const element = document.querySelector('#df-a9293117-b90e-4d0a-9f95-295ba1f51b19');\n","        const dataTable =\n","          await google.colab.kernel.invokeFunction('convertToInteractive',\n","                                                    [key], {});\n","        if (!dataTable) return;\n","\n","        const docLinkHtml = 'Like what you see? Visit the ' +\n","          '<a target=\"_blank\" href=https://colab.research.google.com/notebooks/data_table.ipynb>data table notebook</a>'\n","          + ' to learn more about interactive tables.';\n","        element.innerHTML = '';\n","        dataTable['output_type'] = 'display_data';\n","        await google.colab.output.renderOutput(dataTable, element);\n","        const docLink = document.createElement('div');\n","        docLink.innerHTML = docLinkHtml;\n","        element.appendChild(docLink);\n","      }\n","    </script>\n","  </div>\n","\n","\n","<div id=\"df-2117a997-f494-4ee9-9132-d777864eec59\">\n","  <button class=\"colab-df-quickchart\" onclick=\"quickchart('df-2117a997-f494-4ee9-9132-d777864eec59')\"\n","            title=\"Suggest charts\"\n","            style=\"display:none;\">\n","\n","<svg xmlns=\"http://www.w3.org/2000/svg\" height=\"24px\"viewBox=\"0 0 24 24\"\n","     width=\"24px\">\n","    <g>\n","        <path d=\"M19 3H5c-1.1 0-2 .9-2 2v14c0 1.1.9 2 2 2h14c1.1 0 2-.9 2-2V5c0-1.1-.9-2-2-2zM9 17H7v-7h2v7zm4 0h-2V7h2v10zm4 0h-2v-4h2v4z\"/>\n","    </g>\n","</svg>\n","  </button>\n","\n","<style>\n","  .colab-df-quickchart {\n","      --bg-color: #E8F0FE;\n","      --fill-color: #1967D2;\n","      --hover-bg-color: #E2EBFA;\n","      --hover-fill-color: #174EA6;\n","      --disabled-fill-color: #AAA;\n","      --disabled-bg-color: #DDD;\n","  }\n","\n","  [theme=dark] .colab-df-quickchart {\n","      --bg-color: #3B4455;\n","      --fill-color: #D2E3FC;\n","      --hover-bg-color: #434B5C;\n","      --hover-fill-color: #FFFFFF;\n","      --disabled-bg-color: #3B4455;\n","      --disabled-fill-color: #666;\n","  }\n","\n","  .colab-df-quickchart {\n","    background-color: var(--bg-color);\n","    border: none;\n","    border-radius: 50%;\n","    cursor: pointer;\n","    display: none;\n","    fill: var(--fill-color);\n","    height: 32px;\n","    padding: 0;\n","    width: 32px;\n","  }\n","\n","  .colab-df-quickchart:hover {\n","    background-color: var(--hover-bg-color);\n","    box-shadow: 0 1px 2px rgba(60, 64, 67, 0.3), 0 1px 3px 1px rgba(60, 64, 67, 0.15);\n","    fill: var(--button-hover-fill-color);\n","  }\n","\n","  .colab-df-quickchart-complete:disabled,\n","  .colab-df-quickchart-complete:disabled:hover {\n","    background-color: var(--disabled-bg-color);\n","    fill: var(--disabled-fill-color);\n","    box-shadow: none;\n","  }\n","\n","  .colab-df-spinner {\n","    border: 2px solid var(--fill-color);\n","    border-color: transparent;\n","    border-bottom-color: var(--fill-color);\n","    animation:\n","      spin 1s steps(1) infinite;\n","  }\n","\n","  @keyframes spin {\n","    0% {\n","      border-color: transparent;\n","      border-bottom-color: var(--fill-color);\n","      border-left-color: var(--fill-color);\n","    }\n","    20% {\n","      border-color: transparent;\n","      border-left-color: var(--fill-color);\n","      border-top-color: var(--fill-color);\n","    }\n","    30% {\n","      border-color: transparent;\n","      border-left-color: var(--fill-color);\n","      border-top-color: var(--fill-color);\n","      border-right-color: var(--fill-color);\n","    }\n","    40% {\n","      border-color: transparent;\n","      border-right-color: var(--fill-color);\n","      border-top-color: var(--fill-color);\n","    }\n","    60% {\n","      border-color: transparent;\n","      border-right-color: var(--fill-color);\n","    }\n","    80% {\n","      border-color: transparent;\n","      border-right-color: var(--fill-color);\n","      border-bottom-color: var(--fill-color);\n","    }\n","    90% {\n","      border-color: transparent;\n","      border-bottom-color: var(--fill-color);\n","    }\n","  }\n","</style>\n","\n","  <script>\n","    async function quickchart(key) {\n","      const quickchartButtonEl =\n","        document.querySelector('#' + key + ' button');\n","      quickchartButtonEl.disabled = true;  // To prevent multiple clicks.\n","      quickchartButtonEl.classList.add('colab-df-spinner');\n","      try {\n","        const charts = await google.colab.kernel.invokeFunction(\n","            'suggestCharts', [key], {});\n","      } catch (error) {\n","        console.error('Error during call to suggestCharts:', error);\n","      }\n","      quickchartButtonEl.classList.remove('colab-df-spinner');\n","      quickchartButtonEl.classList.add('colab-df-quickchart-complete');\n","    }\n","    (() => {\n","      let quickchartButtonEl =\n","        document.querySelector('#df-2117a997-f494-4ee9-9132-d777864eec59 button');\n","      quickchartButtonEl.style.display =\n","        google.colab.kernel.accessAllowed ? 'block' : 'none';\n","    })();\n","  </script>\n","</div>\n","    </div>\n","  </div>\n"]},"metadata":{},"execution_count":17}]},{"cell_type":"markdown","metadata":{"id":"ePFlhDafbaHn"},"source":["## Setup for ML\n","Need to to add images to the dataset.\n","\n","Then need to split into train/validation/test sets.\n"]},{"cell_type":"code","execution_count":6,"metadata":{"id":"3iIqHI56aNbm","colab":{"base_uri":"https://localhost:8080/","height":1000},"executionInfo":{"status":"error","timestamp":1700839877323,"user_tz":0,"elapsed":21965,"user":{"displayName":"Max C","userId":"15129973457982956339"}},"outputId":"fdeecc08-f69a-43ad-95b4-2fbb1706f2c1"},"outputs":[{"output_type":"stream","name":"stderr","text":["ERROR:root:Internal Python error in the inspect module.\n","Below is the traceback from this internal error.\n","\n"]},{"output_type":"stream","name":"stdout","text":["Traceback (most recent call last):\n","  File \"/usr/local/lib/python3.10/dist-packages/IPython/core/interactiveshell.py\", line 3553, in run_code\n","    exec(code_obj, self.user_global_ns, self.user_ns)\n","  File \"<ipython-input-6-3399a5fa4a47>\", line 2, in <cell line: 2>\n","    meta_data['image'] = meta_data['path'].map(lambda x: np.asarray(Image.open(x)))\n","  File \"/usr/local/lib/python3.10/dist-packages/pandas/core/series.py\", line 4539, in map\n","    new_values = self._map_values(arg, na_action=na_action)\n","  File \"/usr/local/lib/python3.10/dist-packages/pandas/core/base.py\", line 890, in _map_values\n","    new_values = map_f(values, mapper)\n","  File \"pandas/_libs/lib.pyx\", line 2924, in pandas._libs.lib.map_infer\n","  File \"<ipython-input-6-3399a5fa4a47>\", line 2, in <lambda>\n","    meta_data['image'] = meta_data['path'].map(lambda x: np.asarray(Image.open(x)))\n","  File \"/usr/local/lib/python3.10/dist-packages/PIL/Image.py\", line 3236, in open\n","    prefix = fp.read(16)\n","KeyboardInterrupt\n","\n","During handling of the above exception, another exception occurred:\n","\n","Traceback (most recent call last):\n","  File \"/usr/local/lib/python3.10/dist-packages/IPython/core/interactiveshell.py\", line 2099, in showtraceback\n","    stb = value._render_traceback_()\n","AttributeError: 'KeyboardInterrupt' object has no attribute '_render_traceback_'\n","\n","During handling of the above exception, another exception occurred:\n","\n","Traceback (most recent call last):\n","  File \"/usr/local/lib/python3.10/dist-packages/IPython/core/ultratb.py\", line 1101, in get_records\n","    return _fixed_getinnerframes(etb, number_of_lines_of_context, tb_offset)\n","  File \"/usr/local/lib/python3.10/dist-packages/IPython/core/ultratb.py\", line 248, in wrapped\n","    return f(*args, **kwargs)\n","  File \"/usr/local/lib/python3.10/dist-packages/IPython/core/ultratb.py\", line 281, in _fixed_getinnerframes\n","    records = fix_frame_records_filenames(inspect.getinnerframes(etb, context))\n","  File \"/usr/lib/python3.10/inspect.py\", line 1662, in getinnerframes\n","    frameinfo = (tb.tb_frame,) + getframeinfo(tb, context)\n","  File \"/usr/lib/python3.10/inspect.py\", line 1620, in getframeinfo\n","    filename = getsourcefile(frame) or getfile(frame)\n","  File \"/usr/lib/python3.10/inspect.py\", line 829, in getsourcefile\n","    module = getmodule(object, filename)\n","  File \"/usr/lib/python3.10/inspect.py\", line 878, in getmodule\n","    os.path.realpath(f)] = module.__name__\n","  File \"/usr/lib/python3.10/posixpath.py\", line 396, in realpath\n","    path, ok = _joinrealpath(filename[:0], filename, strict, {})\n","  File \"/usr/lib/python3.10/posixpath.py\", line 437, in _joinrealpath\n","    is_link = stat.S_ISLNK(st.st_mode)\n","KeyboardInterrupt\n"]},{"output_type":"error","ename":"TypeError","evalue":"ignored","traceback":["\u001b[0;31m---------------------------------------------------------------------------\u001b[0m","\u001b[0;31mKeyboardInterrupt\u001b[0m                         Traceback (most recent call last)","    \u001b[0;31m[... skipping hidden 1 frame]\u001b[0m\n","\u001b[0;32m<ipython-input-6-3399a5fa4a47>\u001b[0m in \u001b[0;36m<cell line: 2>\u001b[0;34m()\u001b[0m\n\u001b[1;32m      1\u001b[0m \u001b[0;31m#Add images to meta_data\u001b[0m\u001b[0;34m\u001b[0m\u001b[0;34m\u001b[0m\u001b[0m\n\u001b[0;32m----> 2\u001b[0;31m \u001b[0mmeta_data\u001b[0m\u001b[0;34m[\u001b[0m\u001b[0;34m'image'\u001b[0m\u001b[0;34m]\u001b[0m \u001b[0;34m=\u001b[0m \u001b[0mmeta_data\u001b[0m\u001b[0;34m[\u001b[0m\u001b[0;34m'path'\u001b[0m\u001b[0;34m]\u001b[0m\u001b[0;34m.\u001b[0m\u001b[0mmap\u001b[0m\u001b[0;34m(\u001b[0m\u001b[0;32mlambda\u001b[0m \u001b[0mx\u001b[0m\u001b[0;34m:\u001b[0m \u001b[0mnp\u001b[0m\u001b[0;34m.\u001b[0m\u001b[0masarray\u001b[0m\u001b[0;34m(\u001b[0m\u001b[0mImage\u001b[0m\u001b[0;34m.\u001b[0m\u001b[0mopen\u001b[0m\u001b[0;34m(\u001b[0m\u001b[0mx\u001b[0m\u001b[0;34m)\u001b[0m\u001b[0;34m)\u001b[0m\u001b[0;34m)\u001b[0m\u001b[0;34m\u001b[0m\u001b[0;34m\u001b[0m\u001b[0m\n\u001b[0m\u001b[1;32m      3\u001b[0m \u001b[0;34m\u001b[0m\u001b[0m\n","\u001b[0;32m/usr/local/lib/python3.10/dist-packages/pandas/core/series.py\u001b[0m in \u001b[0;36mmap\u001b[0;34m(self, arg, na_action)\u001b[0m\n\u001b[1;32m   4538\u001b[0m         \"\"\"\n\u001b[0;32m-> 4539\u001b[0;31m         \u001b[0mnew_values\u001b[0m \u001b[0;34m=\u001b[0m \u001b[0mself\u001b[0m\u001b[0;34m.\u001b[0m\u001b[0m_map_values\u001b[0m\u001b[0;34m(\u001b[0m\u001b[0marg\u001b[0m\u001b[0;34m,\u001b[0m \u001b[0mna_action\u001b[0m\u001b[0;34m=\u001b[0m\u001b[0mna_action\u001b[0m\u001b[0;34m)\u001b[0m\u001b[0;34m\u001b[0m\u001b[0;34m\u001b[0m\u001b[0m\n\u001b[0m\u001b[1;32m   4540\u001b[0m         return self._constructor(new_values, index=self.index).__finalize__(\n","\u001b[0;32m/usr/local/lib/python3.10/dist-packages/pandas/core/base.py\u001b[0m in \u001b[0;36m_map_values\u001b[0;34m(self, mapper, na_action)\u001b[0m\n\u001b[1;32m    889\u001b[0m         \u001b[0;31m# mapper is a function\u001b[0m\u001b[0;34m\u001b[0m\u001b[0;34m\u001b[0m\u001b[0m\n\u001b[0;32m--> 890\u001b[0;31m         \u001b[0mnew_values\u001b[0m \u001b[0;34m=\u001b[0m \u001b[0mmap_f\u001b[0m\u001b[0;34m(\u001b[0m\u001b[0mvalues\u001b[0m\u001b[0;34m,\u001b[0m \u001b[0mmapper\u001b[0m\u001b[0;34m)\u001b[0m\u001b[0;34m\u001b[0m\u001b[0;34m\u001b[0m\u001b[0m\n\u001b[0m\u001b[1;32m    891\u001b[0m \u001b[0;34m\u001b[0m\u001b[0m\n","\u001b[0;32m/usr/local/lib/python3.10/dist-packages/pandas/_libs/lib.pyx\u001b[0m in \u001b[0;36mpandas._libs.lib.map_infer\u001b[0;34m()\u001b[0m\n","\u001b[0;32m<ipython-input-6-3399a5fa4a47>\u001b[0m in \u001b[0;36m<lambda>\u001b[0;34m(x)\u001b[0m\n\u001b[1;32m      1\u001b[0m \u001b[0;31m#Add images to meta_data\u001b[0m\u001b[0;34m\u001b[0m\u001b[0;34m\u001b[0m\u001b[0m\n\u001b[0;32m----> 2\u001b[0;31m \u001b[0mmeta_data\u001b[0m\u001b[0;34m[\u001b[0m\u001b[0;34m'image'\u001b[0m\u001b[0;34m]\u001b[0m \u001b[0;34m=\u001b[0m \u001b[0mmeta_data\u001b[0m\u001b[0;34m[\u001b[0m\u001b[0;34m'path'\u001b[0m\u001b[0;34m]\u001b[0m\u001b[0;34m.\u001b[0m\u001b[0mmap\u001b[0m\u001b[0;34m(\u001b[0m\u001b[0;32mlambda\u001b[0m \u001b[0mx\u001b[0m\u001b[0;34m:\u001b[0m \u001b[0mnp\u001b[0m\u001b[0;34m.\u001b[0m\u001b[0masarray\u001b[0m\u001b[0;34m(\u001b[0m\u001b[0mImage\u001b[0m\u001b[0;34m.\u001b[0m\u001b[0mopen\u001b[0m\u001b[0;34m(\u001b[0m\u001b[0mx\u001b[0m\u001b[0;34m)\u001b[0m\u001b[0;34m)\u001b[0m\u001b[0;34m)\u001b[0m\u001b[0;34m\u001b[0m\u001b[0;34m\u001b[0m\u001b[0m\n\u001b[0m\u001b[1;32m      3\u001b[0m \u001b[0;34m\u001b[0m\u001b[0m\n","\u001b[0;32m/usr/local/lib/python3.10/dist-packages/PIL/Image.py\u001b[0m in \u001b[0;36mopen\u001b[0;34m(fp, mode, formats)\u001b[0m\n\u001b[1;32m   3235\u001b[0m \u001b[0;34m\u001b[0m\u001b[0m\n\u001b[0;32m-> 3236\u001b[0;31m     \u001b[0mprefix\u001b[0m \u001b[0;34m=\u001b[0m \u001b[0mfp\u001b[0m\u001b[0;34m.\u001b[0m\u001b[0mread\u001b[0m\u001b[0;34m(\u001b[0m\u001b[0;36m16\u001b[0m\u001b[0;34m)\u001b[0m\u001b[0;34m\u001b[0m\u001b[0;34m\u001b[0m\u001b[0m\n\u001b[0m\u001b[1;32m   3237\u001b[0m \u001b[0;34m\u001b[0m\u001b[0m\n","\u001b[0;31mKeyboardInterrupt\u001b[0m: ","\nDuring handling of the above exception, another exception occurred:\n","\u001b[0;31mAttributeError\u001b[0m                            Traceback (most recent call last)","\u001b[0;32m/usr/local/lib/python3.10/dist-packages/IPython/core/interactiveshell.py\u001b[0m in \u001b[0;36mshowtraceback\u001b[0;34m(self, exc_tuple, filename, tb_offset, exception_only, running_compiled_code)\u001b[0m\n\u001b[1;32m   2098\u001b[0m                         \u001b[0;31m# in the engines. This should return a list of strings.\u001b[0m\u001b[0;34m\u001b[0m\u001b[0;34m\u001b[0m\u001b[0m\n\u001b[0;32m-> 2099\u001b[0;31m                         \u001b[0mstb\u001b[0m \u001b[0;34m=\u001b[0m \u001b[0mvalue\u001b[0m\u001b[0;34m.\u001b[0m\u001b[0m_render_traceback_\u001b[0m\u001b[0;34m(\u001b[0m\u001b[0;34m)\u001b[0m\u001b[0;34m\u001b[0m\u001b[0;34m\u001b[0m\u001b[0m\n\u001b[0m\u001b[1;32m   2100\u001b[0m                     \u001b[0;32mexcept\u001b[0m \u001b[0mException\u001b[0m\u001b[0;34m:\u001b[0m\u001b[0;34m\u001b[0m\u001b[0;34m\u001b[0m\u001b[0m\n","\u001b[0;31mAttributeError\u001b[0m: 'KeyboardInterrupt' object has no attribute '_render_traceback_'","\nDuring handling of the above exception, another exception occurred:\n","\u001b[0;31mTypeError\u001b[0m                                 Traceback (most recent call last)","    \u001b[0;31m[... skipping hidden 1 frame]\u001b[0m\n","\u001b[0;32m/usr/local/lib/python3.10/dist-packages/IPython/core/interactiveshell.py\u001b[0m in \u001b[0;36mshowtraceback\u001b[0;34m(self, exc_tuple, filename, tb_offset, exception_only, running_compiled_code)\u001b[0m\n\u001b[1;32m   2099\u001b[0m                         \u001b[0mstb\u001b[0m \u001b[0;34m=\u001b[0m \u001b[0mvalue\u001b[0m\u001b[0;34m.\u001b[0m\u001b[0m_render_traceback_\u001b[0m\u001b[0;34m(\u001b[0m\u001b[0;34m)\u001b[0m\u001b[0;34m\u001b[0m\u001b[0;34m\u001b[0m\u001b[0m\n\u001b[1;32m   2100\u001b[0m                     \u001b[0;32mexcept\u001b[0m \u001b[0mException\u001b[0m\u001b[0;34m:\u001b[0m\u001b[0;34m\u001b[0m\u001b[0;34m\u001b[0m\u001b[0m\n\u001b[0;32m-> 2101\u001b[0;31m                         stb = self.InteractiveTB.structured_traceback(etype,\n\u001b[0m\u001b[1;32m   2102\u001b[0m                                             value, tb, tb_offset=tb_offset)\n\u001b[1;32m   2103\u001b[0m \u001b[0;34m\u001b[0m\u001b[0m\n","\u001b[0;32m/usr/local/lib/python3.10/dist-packages/IPython/core/ultratb.py\u001b[0m in \u001b[0;36mstructured_traceback\u001b[0;34m(self, etype, value, tb, tb_offset, number_of_lines_of_context)\u001b[0m\n\u001b[1;32m   1365\u001b[0m         \u001b[0;32melse\u001b[0m\u001b[0;34m:\u001b[0m\u001b[0;34m\u001b[0m\u001b[0;34m\u001b[0m\u001b[0m\n\u001b[1;32m   1366\u001b[0m             \u001b[0mself\u001b[0m\u001b[0;34m.\u001b[0m\u001b[0mtb\u001b[0m \u001b[0;34m=\u001b[0m \u001b[0mtb\u001b[0m\u001b[0;34m\u001b[0m\u001b[0;34m\u001b[0m\u001b[0m\n\u001b[0;32m-> 1367\u001b[0;31m         return FormattedTB.structured_traceback(\n\u001b[0m\u001b[1;32m   1368\u001b[0m             self, etype, value, tb, tb_offset, number_of_lines_of_context)\n\u001b[1;32m   1369\u001b[0m \u001b[0;34m\u001b[0m\u001b[0m\n","\u001b[0;32m/usr/local/lib/python3.10/dist-packages/IPython/core/ultratb.py\u001b[0m in \u001b[0;36mstructured_traceback\u001b[0;34m(self, etype, value, tb, tb_offset, number_of_lines_of_context)\u001b[0m\n\u001b[1;32m   1265\u001b[0m         \u001b[0;32mif\u001b[0m \u001b[0mmode\u001b[0m \u001b[0;32min\u001b[0m \u001b[0mself\u001b[0m\u001b[0;34m.\u001b[0m\u001b[0mverbose_modes\u001b[0m\u001b[0;34m:\u001b[0m\u001b[0;34m\u001b[0m\u001b[0;34m\u001b[0m\u001b[0m\n\u001b[1;32m   1266\u001b[0m             \u001b[0;31m# Verbose modes need a full traceback\u001b[0m\u001b[0;34m\u001b[0m\u001b[0;34m\u001b[0m\u001b[0m\n\u001b[0;32m-> 1267\u001b[0;31m             return VerboseTB.structured_traceback(\n\u001b[0m\u001b[1;32m   1268\u001b[0m                 \u001b[0mself\u001b[0m\u001b[0;34m,\u001b[0m \u001b[0metype\u001b[0m\u001b[0;34m,\u001b[0m \u001b[0mvalue\u001b[0m\u001b[0;34m,\u001b[0m \u001b[0mtb\u001b[0m\u001b[0;34m,\u001b[0m \u001b[0mtb_offset\u001b[0m\u001b[0;34m,\u001b[0m \u001b[0mnumber_of_lines_of_context\u001b[0m\u001b[0;34m\u001b[0m\u001b[0;34m\u001b[0m\u001b[0m\n\u001b[1;32m   1269\u001b[0m             )\n","\u001b[0;32m/usr/local/lib/python3.10/dist-packages/IPython/core/ultratb.py\u001b[0m in \u001b[0;36mstructured_traceback\u001b[0;34m(self, etype, evalue, etb, tb_offset, number_of_lines_of_context)\u001b[0m\n\u001b[1;32m   1122\u001b[0m         \u001b[0;34m\"\"\"Return a nice text document describing the traceback.\"\"\"\u001b[0m\u001b[0;34m\u001b[0m\u001b[0;34m\u001b[0m\u001b[0m\n\u001b[1;32m   1123\u001b[0m \u001b[0;34m\u001b[0m\u001b[0m\n\u001b[0;32m-> 1124\u001b[0;31m         formatted_exception = self.format_exception_as_a_whole(etype, evalue, etb, number_of_lines_of_context,\n\u001b[0m\u001b[1;32m   1125\u001b[0m                                                                tb_offset)\n\u001b[1;32m   1126\u001b[0m \u001b[0;34m\u001b[0m\u001b[0m\n","\u001b[0;32m/usr/local/lib/python3.10/dist-packages/IPython/core/ultratb.py\u001b[0m in \u001b[0;36mformat_exception_as_a_whole\u001b[0;34m(self, etype, evalue, etb, number_of_lines_of_context, tb_offset)\u001b[0m\n\u001b[1;32m   1080\u001b[0m \u001b[0;34m\u001b[0m\u001b[0m\n\u001b[1;32m   1081\u001b[0m \u001b[0;34m\u001b[0m\u001b[0m\n\u001b[0;32m-> 1082\u001b[0;31m         \u001b[0mlast_unique\u001b[0m\u001b[0;34m,\u001b[0m \u001b[0mrecursion_repeat\u001b[0m \u001b[0;34m=\u001b[0m \u001b[0mfind_recursion\u001b[0m\u001b[0;34m(\u001b[0m\u001b[0morig_etype\u001b[0m\u001b[0;34m,\u001b[0m \u001b[0mevalue\u001b[0m\u001b[0;34m,\u001b[0m \u001b[0mrecords\u001b[0m\u001b[0;34m)\u001b[0m\u001b[0;34m\u001b[0m\u001b[0;34m\u001b[0m\u001b[0m\n\u001b[0m\u001b[1;32m   1083\u001b[0m \u001b[0;34m\u001b[0m\u001b[0m\n\u001b[1;32m   1084\u001b[0m         \u001b[0mframes\u001b[0m \u001b[0;34m=\u001b[0m \u001b[0mself\u001b[0m\u001b[0;34m.\u001b[0m\u001b[0mformat_records\u001b[0m\u001b[0;34m(\u001b[0m\u001b[0mrecords\u001b[0m\u001b[0;34m,\u001b[0m \u001b[0mlast_unique\u001b[0m\u001b[0;34m,\u001b[0m \u001b[0mrecursion_repeat\u001b[0m\u001b[0;34m)\u001b[0m\u001b[0;34m\u001b[0m\u001b[0;34m\u001b[0m\u001b[0m\n","\u001b[0;32m/usr/local/lib/python3.10/dist-packages/IPython/core/ultratb.py\u001b[0m in \u001b[0;36mfind_recursion\u001b[0;34m(etype, value, records)\u001b[0m\n\u001b[1;32m    380\u001b[0m     \u001b[0;31m# first frame (from in to out) that looks different.\u001b[0m\u001b[0;34m\u001b[0m\u001b[0;34m\u001b[0m\u001b[0m\n\u001b[1;32m    381\u001b[0m     \u001b[0;32mif\u001b[0m \u001b[0;32mnot\u001b[0m \u001b[0mis_recursion_error\u001b[0m\u001b[0;34m(\u001b[0m\u001b[0metype\u001b[0m\u001b[0;34m,\u001b[0m \u001b[0mvalue\u001b[0m\u001b[0;34m,\u001b[0m \u001b[0mrecords\u001b[0m\u001b[0;34m)\u001b[0m\u001b[0;34m:\u001b[0m\u001b[0;34m\u001b[0m\u001b[0;34m\u001b[0m\u001b[0m\n\u001b[0;32m--> 382\u001b[0;31m         \u001b[0;32mreturn\u001b[0m \u001b[0mlen\u001b[0m\u001b[0;34m(\u001b[0m\u001b[0mrecords\u001b[0m\u001b[0;34m)\u001b[0m\u001b[0;34m,\u001b[0m \u001b[0;36m0\u001b[0m\u001b[0;34m\u001b[0m\u001b[0;34m\u001b[0m\u001b[0m\n\u001b[0m\u001b[1;32m    383\u001b[0m \u001b[0;34m\u001b[0m\u001b[0m\n\u001b[1;32m    384\u001b[0m     \u001b[0;31m# Select filename, lineno, func_name to track frames with\u001b[0m\u001b[0;34m\u001b[0m\u001b[0;34m\u001b[0m\u001b[0m\n","\u001b[0;31mTypeError\u001b[0m: object of type 'NoneType' has no len()"]}],"source":["#Add images to meta_data\n","meta_data['image'] = meta_data['path'].map(lambda x: np.asarray(Image.open(x)))\n","\n","df = meta_data.copy(deep=True)"]},{"cell_type":"code","execution_count":null,"metadata":{"id":"8f6l18NGagT_","executionInfo":{"status":"aborted","timestamp":1700839877325,"user_tz":0,"elapsed":2,"user":{"displayName":"Max C","userId":"15129973457982956339"}}},"outputs":[],"source":["# Select features of target\n","features = df.drop(columns=['cell_type_idx'], axis=1)\n","target = df['cell_type_idx']\n","\n","# Split into test/train sets\n","x_train_o, x_test_o, y_train, y_test = train_test_split(features, target, test_size=0.20, random_state=1234)\n","\n","# Select just images as x_train/x_test\n","x_train = np.asarray(x_train_o['image'].tolist())\n","x_test = np.asarray(x_test_o['image'].tolist())\n","\n","x_train_mean = np.mean(x_train)\n","x_train_std = np.std(x_train)\n","\n","x_train = (x_train - x_train_mean) / x_train_std\n","x_test = (x_test - x_train_mean) / x_train_std\n","\n","y_train = to_categorical(y_train, num_classes = 7)\n","y_test = to_categorical(y_test, num_classes = 7)\n","\n","# Split training into training and validation\n","x_train, x_validate, y_train, y_validate = train_test_split(x_train, y_train, test_size=0.1, random_state=2)\n","\n","# Reshape image in 3 dimensions (height = 75px, width = 100px, channels = 3)\n","x_train = x_train.reshape(x_train.shape[0], *(75, 100, 3))\n","x_test = x_test.reshape(x_test.shape[0], *(75, 100, 3))\n","x_validate = x_validate.reshape(x_validate.shape[0], *(75, 100, 3))\n"]},{"cell_type":"markdown","metadata":{"id":"R_ig0ifwkPIA"},"source":["## Model Setup\n","\n","Now the data has been appropriately preprocessed, the model must be set up so it can be trained on the data."]},{"cell_type":"code","source":["import tensorflow as tf\n","from keras.layers import Dropout, GlobalAveragePooling2D\n","input_shape = (75, 100, 3)\n","n_classes = len(list(lesion_type_dict.values()))\n","\n","#Randomly flip, rotate and zoom the data\n","data_augmentation = tf.keras.Sequential([\n","  tf.keras.layers.RandomFlip('horizontal'),\n","  tf.keras.layers.RandomRotation(0.2),\n","  tf.keras.layers.RandomZoom(.5, .2)\n","])\n","\n","#Rescale input to be [-1, 1] not [0, 255]\n","preprocess_input = tf.keras.applications.vgg16.preprocess_input\n","\n","# Define structure of base model\n","base_model = tf.keras.applications.VGG16(input_shape=input_shape,\n","                                               include_top=False,\n","                                               weights='imagenet')\n","\n","#Freeze the weights of base model\n","base_model.trainable = False\n","\n","\n","#Add a prediction layer\n","global_average_layer = GlobalAveragePooling2D()\n","prediction_layer  = Dense(n_classes, activation='softmax')\n","\n","\n","#Combine preprocessing and model\n","inputs = tf.keras.Input(shape=input_shape)\n","x = data_augmentation(inputs)\n","x = preprocess_input(x)\n","x = base_model(x, training=False)\n","x = global_average_layer(x)\n","x = Dropout(0.2)(x)\n","outputs = prediction_layer(x)\n","model = tf.keras.Model(inputs, outputs)\n","model.summary()\n","\n","# Define the optimizer\n","base_learning_rate = 0.0001\n","optimizer = Adam(learning_rate= base_learning_rate)\n","\n","# Compile the model\n","\n","model.compile(optimizer = optimizer , loss = \"categorical_crossentropy\", metrics=[\"accuracy\"])"],"metadata":{"id":"rp_KHDFQnYSg","executionInfo":{"status":"aborted","timestamp":1700839877325,"user_tz":0,"elapsed":2,"user":{"displayName":"Max C","userId":"15129973457982956339"}}},"execution_count":null,"outputs":[]},{"cell_type":"code","execution_count":null,"metadata":{"id":"LGYkOV_v_2vi","executionInfo":{"status":"aborted","timestamp":1700839877325,"user_tz":0,"elapsed":2,"user":{"displayName":"Max C","userId":"15129973457982956339"}}},"outputs":[],"source":["input_shape =\n","num_classes = 7\n","\n","\n","# load model without classifier layers\n","model = VGG16(include_top=False, input_shape=input_shape)\n","\n","# mark loaded layers as not trainable\n","for layer in model.layers:\n"," layer.trainable = False\n","\n","\n","# add new classifier layers\n","flat1 = Flatten()(model.layers[-1].output)\n","class1 = Dense(64, activation='relu')(flat1)\n","output = Dense(num_classes, activation='softmax')(class1)\n","# define new model\n","model = Model(inputs=model.inputs, outputs=output)\n","# summarize\n","model.summary()\n","# ..."]},{"cell_type":"code","execution_count":null,"metadata":{"id":"FYUnWr5SYZ3i","executionInfo":{"status":"aborted","timestamp":1700839877326,"user_tz":0,"elapsed":3,"user":{"displayName":"Max C","userId":"15129973457982956339"}}},"outputs":[],"source":["from keras.utils import plot_model\n","\n","# plot_model(model)"]},{"cell_type":"code","execution_count":null,"metadata":{"id":"sti3djnjc_1N","executionInfo":{"status":"aborted","timestamp":1700839877326,"user_tz":0,"elapsed":3,"user":{"displayName":"Max C","userId":"15129973457982956339"}}},"outputs":[],"source":["# Train the model and get the history\n","history = model.fit(x_train, y_train, epochs=3, validation_data=(x_validate, y_validate))\n","\n","# Plot training & validation loss values\n","plt.figure(figsize=(12, 6))\n","plt.subplot(1, 2, 1)\n","plt.plot(history.history['loss'], label='Training Loss')\n","plt.plot(history.history['val_loss'], label='Validation Loss')\n","plt.title('Model Loss')\n","plt.xlabel('Epoch')\n","plt.ylabel('Loss')\n","plt.legend()\n","\n","\n","plt.show()"]},{"cell_type":"markdown","metadata":{"id":"8utUkk9NdUOF"},"source":["## Model Performance"]},{"cell_type":"code","execution_count":null,"metadata":{"id":"2X-FCANzlLXn","executionInfo":{"status":"aborted","timestamp":1700839877326,"user_tz":0,"elapsed":3,"user":{"displayName":"Max C","userId":"15129973457982956339"}}},"outputs":[],"source":["model.save(\"VGG_model.h5\")"]},{"cell_type":"code","execution_count":null,"metadata":{"id":"byZnJd7qdZiC","executionInfo":{"status":"aborted","timestamp":1700839877327,"user_tz":0,"elapsed":4,"user":{"displayName":"Max C","userId":"15129973457982956339"}}},"outputs":[],"source":["from sklearn.metrics import confusion_matrix, ConfusionMatrixDisplay\n","\n","# Predict the values from the validation dataset\n","Y_pred = model.predict(x_test)\n","\n","# # # Convert predictions classes to one hot vectors\n","Y_pred_classes = np.argmax(Y_pred,axis = 1)\n","\n","# # Convert validation observations to one hot vectors\n","Y_true = np.argmax(y_test,axis = 1)\n","\n","# Check the class names and their corresponding indices\n","class_names = list(lesion_type_dict.values())\n","# Get the class index mapping\n","code_to_name = {idx: class_name for idx, class_name in enumerate(class_names)}\n","\n","# Display the confusion matrix with rotated x-axis labels\n","ConfusionMatrixDisplay.from_predictions(y_test, Y_pred_classes,display_labels=list(code_to_name.values()), cmap='inferno', normalize='true', values_format=\".0%\")\n","plt.xticks(rotation=90)\n","plt.grid(False)\n","plt.show()"]},{"cell_type":"code","execution_count":20,"metadata":{"id":"F-x32Tf_7c60","colab":{"base_uri":"https://localhost:8080/"},"executionInfo":{"status":"ok","timestamp":1700840069163,"user_tz":0,"elapsed":376,"user":{"displayName":"Max C","userId":"15129973457982956339"}},"outputId":"a5439907-83fc-4a6f-eb4d-79798cdf969a"},"outputs":[{"output_type":"execute_result","data":{"text/plain":["{2: 'Benign keratosis-like lesions ',\n"," 4: 'Melanocytic nevi',\n"," 3: 'Dermatofibroma',\n"," 5: 'Melanoma',\n"," 6: 'Vascular lesions',\n"," 1: 'Basal cell carcinoma',\n"," 0: 'Actinic keratoses'}"]},"metadata":{},"execution_count":20}],"source":["# Check the class names and their corresponding indices\n","class_names = list(meta_data['cell_type_idx'].unique())\n","# Get the class index mapping\n","code_to_name = {idx: class_name for idx, class_name in zip(meta_data['cell_type_idx'].unique(), meta_data['cell_type'].unique())}\n","code_to_name"]}],"metadata":{"colab":{"provenance":[{"file_id":"1AjO2LQWmF4aajIcuBp6GphxS56Iz0Ly1","timestamp":1700214947568}],"mount_file_id":"1Wyz_1mG2x-m6FSFYp-r-4r0ib0qOOK6d","authorship_tag":"ABX9TyNJ0Nb1LavEfaKfOg8/KrPh"},"kernelspec":{"display_name":"Python 3","name":"python3"},"language_info":{"name":"python"}},"nbformat":4,"nbformat_minor":0}